<?xml version="1.0" encoding="UTF-8"?>
<!-- Generated by org.testng.reporters.JUnitReportReporter -->
<testsuite hostname="DESKTOP-6N1A0BM" failures="0" tests="1" name="testcases.OrangeHRMLoginPageTest" time="9.042" errors="0" timestamp="2022-12-18T18:36:22 IST" skipped="0">
  <testcase classname="testcases.OrangeHRMLoginPageTest" name="orangeHRMLoginTest" time="9.042"/>
  <system-out/>
</testsuite> <!-- testcases.OrangeHRMLoginPageTest -->
