<?xml version="1.0" encoding="UTF-8"?>
<!-- Generated by org.testng.reporters.JUnitReportReporter -->
<testsuite hostname="DESKTOP-6N1A0BM" failures="0" tests="2" name="testcases.FirstTestcase" time="0.114" errors="0" timestamp="2022-12-18T16:17:16 IST" skipped="0">
  <testcase classname="testcases.FirstTestcase" name="testcase" time="0.082"/>
  <system-out/>
  <testcase classname="testcases.FirstTestcase" name="testcase" time="0.032"/>
  <system-out/>
</testsuite> <!-- testcases.FirstTestcase -->
